<?xml version="1.0" encoding="UTF-8"?>
<!-- Generated by org.testng.reporters.JUnitReportReporter -->
<testsuite hostname="LAPTOP-DI0Q8O11" failures="0" tests="1" name="DifferentWaysToCreateObject.PostUsingJsonObject" time="1.756" errors="0" timestamp="2022-11-07T17:38:43 IST" skipped="0">
  <testcase classname="DifferentWaysToCreateObject.PostUsingJsonObject" name="postusingjsonObject" time="1.756"/>
  <system-out/>
</testsuite> <!-- DifferentWaysToCreateObject.PostUsingJsonObject -->
