<?xml version="1.0" encoding="UTF-8"?>
<!-- Generated by org.testng.reporters.JUnitReportReporter -->
<testsuite hostname="LAPTOP-DI0Q8O11" failures="0" tests="1" name="CRUDOperationWithBDDApproach.UsingHamcrestCreatePost" time="1.913" errors="0" timestamp="2022-11-07T15:04:15 IST" skipped="0">
  <testcase classname="CRUDOperationWithBDDApproach.UsingHamcrestCreatePost" name="validateUsingHamcrestCreatePost" time="1.913"/>
  <system-out/>
</testsuite> <!-- CRUDOperationWithBDDApproach.UsingHamcrestCreatePost -->
