<?xml version="1.0" encoding="UTF-8"?>
<!-- Generated by org.testng.reporters.JUnitReportReporter -->
<testsuite hostname="LAPTOP-DI0Q8O11" failures="0" tests="1" name="CrudOperationWithoutBDDApproach.AddProjectTest" time="1.490" errors="0" timestamp="2022-11-04T17:42:25 IST" skipped="0">
  <testcase classname="CrudOperationWithoutBDDApproach.AddProjectTest" name="addProjectTest" time="1.490"/>
  <system-out/>
</testsuite> <!-- CrudOperationWithoutBDDApproach.AddProjectTest -->
