<?xml version="1.0" encoding="UTF-8"?>
<!-- Generated by org.testng.reporters.JUnitReportReporter -->
<testsuite hostname="LAPTOP-DI0Q8O11" failures="0" tests="4" name="DataProvider.DataProviderApi" time="1.944" errors="0" timestamp="2022-11-08T13:09:41 IST" skipped="0">
  <testcase classname="DataProvider.DataProviderApi" name="usingDataProvideraa" time="1.643"/>
  <system-out/>
  <testcase classname="DataProvider.DataProviderApi" name="usingDataProvideraa" time="0.110"/>
  <system-out/>
  <testcase classname="DataProvider.DataProviderApi" name="usingDataProvideraa" time="0.111"/>
  <system-out/>
  <testcase classname="DataProvider.DataProviderApi" name="usingDataProvideraa" time="0.080"/>
  <system-out/>
</testsuite> <!-- DataProvider.DataProviderApi -->
