<?xml version="1.0" encoding="UTF-8"?>
<!-- Generated by org.testng.reporters.JUnitReportReporter -->
<testsuite hostname="LAPTOP-DI0Q8O11" failures="0" tests="1" name="Parameters.PathparameterforDeleteProject" time="1.624" errors="0" timestamp="2022-11-09T11:07:47 IST" skipped="0">
  <testcase classname="Parameters.PathparameterforDeleteProject" name="pathparameterforDeleteProject" time="1.624"/>
  <system-out/>
</testsuite> <!-- Parameters.PathparameterforDeleteProject -->
