<?xml version="1.0" encoding="UTF-8"?>
<!-- Generated by org.testng.reporters.JUnitReportReporter -->
<testsuite hostname="LAPTOP-DI0Q8O11" failures="0" tests="1" name="Parameters.formparameter" time="0.814" errors="0" timestamp="2022-11-09T13:08:38 IST" skipped="0">
  <testcase classname="Parameters.formparameter" name="formparameterbody" time="0.814"/>
  <system-out/>
</testsuite> <!-- Parameters.formparameter -->
