<?xml version="1.0" encoding="UTF-8"?>
<!-- Generated by org.testng.reporters.JUnitReportReporter -->
<testsuite hostname="LAPTOP-DI0Q8O11" failures="0" tests="1" name="CRUDOperationWithBDDApproach.GetWithBDD" time="1.401" errors="0" timestamp="2022-11-07T11:20:03 IST" skipped="0">
  <testcase classname="CRUDOperationWithBDDApproach.GetWithBDD" name="getwithbddapproach" time="1.401"/>
  <system-out/>
</testsuite> <!-- CRUDOperationWithBDDApproach.GetWithBDD -->
