<?xml version="1.0" encoding="UTF-8"?>
<!-- Generated by org.testng.reporters.JUnitReportReporter -->
<testsuite hostname="LAPTOP-DI0Q8O11" failures="0" tests="1" name="CrudOperationWithoutBDDApproach.GetSingleProjectTest" time="1.166" errors="0" timestamp="2022-11-04T16:00:57 IST" skipped="0">
  <testcase classname="CrudOperationWithoutBDDApproach.GetSingleProjectTest" name="getsingleproject" time="1.166"/>
  <system-out/>
</testsuite> <!-- CrudOperationWithoutBDDApproach.GetSingleProjectTest -->
