<?xml version="1.0" encoding="UTF-8"?>
<!-- Generated by org.testng.reporters.JUnitReportReporter -->
<testsuite hostname="LAPTOP-DI0Q8O11" failures="0" tests="1" name="CRUDOperationWithBDDApproach.DeleteWithBDDApproach" time="1.472" errors="0" timestamp="2022-11-07T11:30:42 IST" skipped="0">
  <testcase classname="CRUDOperationWithBDDApproach.DeleteWithBDDApproach" name="deleteWithBddApproach" time="1.472"/>
  <system-out/>
</testsuite> <!-- CRUDOperationWithBDDApproach.DeleteWithBDDApproach -->
