<?xml version="1.0" encoding="UTF-8"?>
<!-- Generated by org.testng.reporters.JUnitReportReporter -->
<testsuite hostname="LAPTOP-DI0Q8O11" failures="0" tests="1" name="DifferentWaysToCreateObject.PostUsingJsonFile" time="1.404" errors="0" timestamp="2022-11-07T16:15:28 IST" skipped="0">
  <testcase classname="DifferentWaysToCreateObject.PostUsingJsonFile" name="postusingJsonFile" time="1.404"/>
  <system-out/>
</testsuite> <!-- DifferentWaysToCreateObject.PostUsingJsonFile -->
