<?xml version="1.0" encoding="UTF-8"?>
<!-- Generated by org.testng.reporters.JUnitReportReporter -->
<testsuite hostname="LAPTOP-DI0Q8O11" failures="0" tests="1" name="Validation.RequestChainingPost" time="4.433" errors="0" timestamp="2022-11-10T13:26:02 IST" skipped="0">
  <testcase classname="Validation.RequestChainingPost" name="requestchainigPost" time="4.433"/>
  <system-out/>
</testsuite> <!-- Validation.RequestChainingPost -->
