<?xml version="1.0" encoding="UTF-8"?>
<!-- Generated by org.testng.reporters.JUnitReportReporter -->
<testsuite hostname="LAPTOP-DI0Q8O11" failures="0" tests="1" name="CrudOperationWithoutBDDApproach.UpdateProjectTest" time="1.457" errors="0" timestamp="2022-11-04T17:43:38 IST" skipped="0">
  <testcase classname="CrudOperationWithoutBDDApproach.UpdateProjectTest" name="addProjectTest" time="1.457"/>
  <system-out/>
</testsuite> <!-- CrudOperationWithoutBDDApproach.UpdateProjectTest -->
