<?xml version="1.0" encoding="UTF-8"?>
<!-- Generated by org.testng.reporters.JUnitReportReporter -->
<testsuite hostname="LAPTOP-DI0Q8O11" failures="0" tests="1" name="SerializationAndDeserialization.EmployeeDetail" time="0.167" errors="0" timestamp="3 Nov 2022 10:21:06 GMT">
  <testcase classname="SerializationAndDeserialization.EmployeeDetail" name="employeedetail" time="0.167"/>
</testsuite> <!-- SerializationAndDeserialization.EmployeeDetail -->
