<?xml version="1.0" encoding="UTF-8"?>
<!-- Generated by org.testng.reporters.JUnitReportReporter -->
<testsuite hostname="LAPTOP-DI0Q8O11" failures="0" tests="1" name="CrudOperationWithoutBDDApproach.GetProjectTest" time="1.400" errors="0" timestamp="2022-11-04T15:45:54 IST" skipped="0">
  <testcase classname="CrudOperationWithoutBDDApproach.GetProjectTest" name="getProject" time="1.400"/>
  <system-out/>
</testsuite> <!-- CrudOperationWithoutBDDApproach.GetProjectTest -->
