<?xml version="1.0" encoding="UTF-8"?>
<!-- Generated by org.testng.reporters.JUnitReportReporter -->
<testsuite hostname="LAPTOP-DI0Q8O11" failures="0" tests="1" name="CRUDOperationWithBDDApproach.GetAllProjectWithBDD" time="1.716" errors="0" timestamp="2022-11-07T11:44:38 IST" skipped="0">
  <testcase classname="CRUDOperationWithBDDApproach.GetAllProjectWithBDD" name="getallprojectwithbdd" time="1.716"/>
  <system-out/>
</testsuite> <!-- CRUDOperationWithBDDApproach.GetAllProjectWithBDD -->
