<?xml version="1.0" encoding="UTF-8"?>
<!-- Generated by org.testng.reporters.JUnitReportReporter -->
<testsuite hostname="LAPTOP-DI0Q8O11" failures="0" tests="1" name="CrudOperationWithoutBDDApproach.AddProjectTest" time="1.555" errors="0" timestamp="2022-11-09T17:36:12 IST" skipped="0">
  <testcase classname="CrudOperationWithoutBDDApproach.AddProjectTest" name="addProjectTest" time="1.555"/>
  <system-out/>
</testsuite> <!-- CrudOperationWithoutBDDApproach.AddProjectTest -->
