<?xml version="1.0" encoding="UTF-8"?>
<!-- Generated by org.testng.reporters.JUnitReportReporter -->
<testsuite hostname="LAPTOP-DI0Q8O11" failures="0" tests="1" name="CRUDOperationWithBDDApproach.PostWithBDDApproach" time="2.036" errors="0" timestamp="2022-11-10T11:35:31 IST" skipped="0">
  <testcase classname="CRUDOperationWithBDDApproach.PostWithBDDApproach" name="postwithBddapproach" time="2.036"/>
  <system-out/>
</testsuite> <!-- CRUDOperationWithBDDApproach.PostWithBDDApproach -->
