<?xml version="1.0" encoding="UTF-8"?>
<!-- Generated by org.testng.reporters.JUnitReportReporter -->
<testsuite hostname="LAPTOP-DI0Q8O11" failures="0" tests="1" name="DifferentWaysToCreateObject.PostUsingHashMap" time="1.784" errors="0" timestamp="2022-11-07T15:31:00 IST" skipped="0">
  <testcase classname="DifferentWaysToCreateObject.PostUsingHashMap" name="postUsingHashMap" time="1.784"/>
  <system-out/>
</testsuite> <!-- DifferentWaysToCreateObject.PostUsingHashMap -->
