<?xml version="1.0" encoding="UTF-8"?>
<!-- Generated by org.testng.reporters.JUnitReportReporter -->
<testsuite hostname="LAPTOP-DI0Q8O11" failures="0" tests="4" name="DataProvider.GetDataFromExcel" time="1.631" errors="0" timestamp="2022-11-10T16:10:38 IST" skipped="0">
  <testcase classname="DataProvider.GetDataFromExcel" name="dataTest" time="0.082"/>
  <system-out/>
  <testcase classname="DataProvider.GetDataFromExcel" name="dataTest" time="1.364"/>
  <system-out/>
  <testcase classname="DataProvider.GetDataFromExcel" name="dataTest" time="0.087"/>
  <system-out/>
  <testcase classname="DataProvider.GetDataFromExcel" name="dataTest" time="0.098"/>
  <system-out/>
</testsuite> <!-- DataProvider.GetDataFromExcel -->
