<?xml version="1.0" encoding="UTF-8"?>
<!-- Generated by org.testng.reporters.JUnitReportReporter -->
<testsuite hostname="LAPTOP-DI0Q8O11" failures="0" tests="1" name="SerializationAndDeserialization.EmployeedetailsObject" time="0.190" errors="0" timestamp="3 Nov 2022 12:32:33 GMT">
  <testcase classname="SerializationAndDeserialization.EmployeedetailsObject" name="employeedetailsobject" time="0.190"/>
</testsuite> <!-- SerializationAndDeserialization.EmployeedetailsObject -->
