<?xml version="1.0" encoding="UTF-8"?>
<!-- Generated by org.testng.reporters.JUnitReportReporter -->
<testsuite hostname="LAPTOP-DI0Q8O11" failures="0" tests="1" name="Parameters.PathparameterforUpdateProject" time="1.948" errors="0" timestamp="2022-11-09T11:03:06 IST" skipped="0">
  <testcase classname="Parameters.PathparameterforUpdateProject" name="pathParameterforAllProject" time="1.948"/>
  <system-out/>
</testsuite> <!-- Parameters.PathparameterforUpdateProject -->
