<?xml version="1.0" encoding="UTF-8"?>
<!-- Generated by org.testng.reporters.JUnitReportReporter -->
<testsuite hostname="LAPTOP-DI0Q8O11" failures="0" tests="1" name="Parameters.PathparameterforSingleProject" time="1.543" errors="0" timestamp="2022-11-09T10:48:46 IST" skipped="0">
  <testcase classname="Parameters.PathparameterforSingleProject" name="pathParameterForSingleProject" time="1.543"/>
  <system-out/>
</testsuite> <!-- Parameters.PathparameterforSingleProject -->
