<?xml version="1.0" encoding="UTF-8"?>
<!-- Generated by org.testng.reporters.JUnitReportReporter -->
<testsuite hostname="LAPTOP-DI0Q8O11" failures="0" tests="1" name="DifferentWaysToCreateObject.PojoClass" time="1.664" errors="0" timestamp="2022-11-07T16:02:14 IST" skipped="0">
  <testcase classname="DifferentWaysToCreateObject.PojoClass" name="pojoclass" time="1.664"/>
  <system-out/>
</testsuite> <!-- DifferentWaysToCreateObject.PojoClass -->
