<?xml version="1.0" encoding="UTF-8"?>
<!-- Generated by org.testng.reporters.JUnitReportReporter -->
<testsuite hostname="LAPTOP-DI0Q8O11" failures="0" tests="1" name="Validation.StaticResponseValidation" time="2.234" errors="0" timestamp="2022-11-09T17:37:22 IST" skipped="0">
  <testcase classname="Validation.StaticResponseValidation" name="staticresponseValidation" time="2.234"/>
  <system-out/>
</testsuite> <!-- Validation.StaticResponseValidation -->
