<?xml version="1.0" encoding="UTF-8"?>
<!-- Generated by org.testng.reporters.JUnitReportReporter -->
<testsuite hostname="LAPTOP-DI0Q8O11" failures="0" tests="1" name="CrudOperationWithoutBDDApproach.NegativeTestCase1" time="1.474" errors="0" timestamp="2022-11-04T18:06:45 IST" skipped="0">
  <testcase classname="CrudOperationWithoutBDDApproach.NegativeTestCase1" name="negativetestcase" time="1.474"/>
  <system-out/>
</testsuite> <!-- CrudOperationWithoutBDDApproach.NegativeTestCase1 -->
