<?xml version="1.0" encoding="UTF-8"?>
<!-- Generated by org.testng.reporters.JUnitReportReporter -->
<testsuite hostname="LAPTOP-DI0Q8O11" failures="0" tests="1" name="Validation.DynamicValidation" time="2.784" errors="0" timestamp="2022-11-10T11:36:37 IST" skipped="0">
  <testcase classname="Validation.DynamicValidation" name="dynamicValidation" time="2.784"/>
  <system-out/>
</testsuite> <!-- Validation.DynamicValidation -->
