<?xml version="1.0" encoding="UTF-8"?>
<!-- Generated by org.testng.reporters.JUnitReportReporter -->
<testsuite hostname="LAPTOP-DI0Q8O11" failures="0" tests="1" name="SerializationAndDeserialization.EmployeeDetailsArrays" time="0.167" errors="0" timestamp="3 Nov 2022 10:30:38 GMT">
  <testcase classname="SerializationAndDeserialization.EmployeeDetailsArrays" name="employeedetailsArrays" time="0.167"/>
</testsuite> <!-- SerializationAndDeserialization.EmployeeDetailsArrays -->
