<?xml version="1.0" encoding="UTF-8"?>
<!-- Generated by org.testng.reporters.JUnitReportReporter -->
<testsuite hostname="LAPTOP-DI0Q8O11" failures="0" tests="1" name="CRUDOperationWithBDDApproach.PutWithBDDApproach" time="1.428" errors="0" timestamp="2022-11-07T11:28:10 IST" skipped="0">
  <testcase classname="CRUDOperationWithBDDApproach.PutWithBDDApproach" name="putwithbddApproach" time="1.428"/>
  <system-out/>
</testsuite> <!-- CRUDOperationWithBDDApproach.PutWithBDDApproach -->
