<?xml version="1.0" encoding="UTF-8"?>
<!-- Generated by org.testng.reporters.JUnitReportReporter -->
<testsuite hostname="LAPTOP-DI0Q8O11" failures="0" tests="1" name="Parameters.Queryparameter" time="3.247" errors="0" timestamp="2022-11-09T12:45:42 IST" skipped="0">
  <testcase classname="Parameters.Queryparameter" name="queryparameter" time="3.247"/>
  <system-out/>
</testsuite> <!-- Parameters.Queryparameter -->
