<?xml version="1.0" encoding="UTF-8"?>
<!-- Generated by org.testng.reporters.JUnitReportReporter -->
<testsuite hostname="LAPTOP-DI0Q8O11" failures="0" tests="1" name="SerializationAndDeserialization.Deserialization" time="0.186" errors="0" timestamp="3 Nov 2022 12:09:24 GMT">
  <testcase classname="SerializationAndDeserialization.Deserialization" name="deserialization" time="0.186"/>
</testsuite> <!-- SerializationAndDeserialization.Deserialization -->
